# JRE version: OpenJDK Runtime Environment JBR-17.0.9+8-1162.4-jcef (17.0.9+8) (build 17.0.9+8-b1162.4)
# Java VM: OpenJDK 64-Bit Server VM JBR-17.0.9+8-1162.4-jcef (17.0.9+8-b1162.4, mixed mode, tiered, compressed oops, compressed class ptrs, g1 gc, windows-amd64)
GC Precious Log:
 CPUs: 4 total, 4 available
 Memory: 8074M
 Large Page Support: Disabled
 NUMA Support: Disabled
 Compressed Oops: Enabled (32-bit)
 Heap Region Size: 1M
 Heap Min Capacity: 8M
 Heap Initial Capacity: 128M
 Heap Max Capacity: 1536M
 Pre-touch: Disabled
 Parallel Workers: 4
 Concurrent Workers: 1
 Concurrent Refinement Workers: 4
 Periodic GC: Disabled
Heap:
 garbage-first heap   total 374784K, used 161621K [0x00000000a0000000, 0x0000000100000000)
  region size 1024K, 9 young (9216K), 9 survivors (9216K)
 Metaspace       used 126878K, committed 128064K, reserved 1179648K
  class space    used 16614K, committed 17216K, reserved 1048576K
GC Heap History (20 events):
Event: 73.155 GC heap after
{Heap after GC invocations=73 (full 0):
 garbage-first heap   total 345088K, used 136956K [0x00000000a0000000, 0x0000000100000000)
  region size 1024K, 1 young (1024K), 1 survivors (1024K)
 Metaspace       used 117397K, committed 118272K, reserved 1179648K
  class space    used 15705K, committed 16128K, reserved 1048576K
}
Event: 83.383 GC heap before
{Heap before GC invocations=73 (full 0):
 garbage-first heap   total 345088K, used 294652K [0x00000000a0000000, 0x0000000100000000)
  region size 1024K, 156 young (159744K), 1 survivors (1024K)
 Metaspace       used 120305K, committed 121216K, reserved 1179648K
  class space    used 16039K, committed 16448K, reserved 1048576K
}
Event: 83.403 GC heap after
{Heap after GC invocations=74 (full 0):
 garbage-first heap   total 345088K, used 142581K [0x00000000a0000000, 0x0000000100000000)
  region size 1024K, 6 young (6144K), 6 survivors (6144K)
 Metaspace       used 120305K, committed 121216K, reserved 1179648K
  class space    used 16039K, committed 16448K, reserved 1048576K
}
Event: 2363.572 GC heap before
{Heap before GC invocations=75 (full 0):
 garbage-first heap   total 345088K, used 296181K [0x00000000a0000000, 0x0000000100000000)
  region size 1024K, 156 young (159744K), 6 survivors (6144K)
 Metaspace       used 123789K, committed 124736K, reserved 1179648K
  class space    used 16414K, committed 16896K, reserved 1048576K
}
Event: 2363.821 GC heap after
{Heap after GC invocations=76 (full 0):
 garbage-first heap   total 345088K, used 148887K [0x00000000a0000000, 0x0000000100000000)
  region size 1024K, 12 young (12288K), 12 survivors (12288K)
 Metaspace       used 123789K, committed 124736K, reserved 1179648K
  class space    used 16414K, committed 16896K, reserved 1048576K
}
Event: 2363.901 GC heap before
{Heap before GC invocations=76 (full 0):
 garbage-first heap   total 345088K, used 152983K [0x00000000a0000000, 0x0000000100000000)
  region size 1024K, 16 young (16384K), 12 survivors (12288K)
 Metaspace       used 123805K, committed 124736K, reserved 1179648K
  class space    used 16414K, committed 16896K, reserved 1048576K
}
Event: 2363.964 GC heap after
{Heap after GC invocations=77 (full 0):
 garbage-first heap   total 345088K, used 148748K [0x00000000a0000000, 0x0000000100000000)
  region size 1024K, 2 young (2048K), 2 survivors (2048K)
 Metaspace       used 123805K, committed 124736K, reserved 1179648K
  class space    used 16414K, committed 16896K, reserved 1048576K
}
Event: 2456.168 GC heap before
{Heap before GC invocations=77 (full 0):
 garbage-first heap   total 345088K, used 293132K [0x00000000a0000000, 0x0000000100000000)
  region size 1024K, 143 young (146432K), 2 survivors (2048K)
 Metaspace       used 124710K, committed 125760K, reserved 1179648K
  class space    used 16468K, committed 16960K, reserved 1048576K
}
Event: 2456.207 GC heap after
{Heap after GC invocations=78 (full 0):
 garbage-first heap   total 345088K, used 157210K [0x00000000a0000000, 0x0000000100000000)
  region size 1024K, 10 young (10240K), 10 survivors (10240K)
 Metaspace       used 124710K, committed 125760K, reserved 1179648K
  class space    used 16468K, committed 16960K, reserved 1048576K
}
Event: 2873.875 GC heap before
{Heap before GC invocations=79 (full 0):
 garbage-first heap   total 345088K, used 288545K [0x00000000a0000000, 0x0000000100000000)
  region size 1024K, 140 young (143360K), 10 survivors (10240K)
 Metaspace       used 125203K, committed 126272K, reserved 1179648K
  class space    used 16458K, committed 17024K, reserved 1048576K
}
Event: 2874.043 GC heap after
{Heap after GC invocations=80 (full 0):
 garbage-first heap   total 345088K, used 157789K [0x00000000a0000000, 0x0000000100000000)
  region size 1024K, 4 young (4096K), 4 survivors (4096K)
 Metaspace       used 125203K, committed 126272K, reserved 1179648K
  class space    used 16458K, committed 17024K, reserved 1048576K
}
Event: 2874.227 GC heap before
{Heap before GC invocations=80 (full 0):
 garbage-first heap   total 345088K, used 170077K [0x00000000a0000000, 0x0000000100000000)
  region size 1024K, 16 young (16384K), 4 survivors (4096K)
 Metaspace       used 125229K, committed 126336K, reserved 1179648K
  class space    used 16459K, committed 17024K, reserved 1048576K
}
Event: 2874.400 GC heap after
{Heap after GC invocations=81 (full 0):
 garbage-first heap   total 345088K, used 150403K [0x00000000a0000000, 0x0000000100000000)
  region size 1024K, 1 young (1024K), 1 survivors (1024K)
 Metaspace       used 125229K, committed 126336K, reserved 1179648K
  class space    used 16459K, committed 17024K, reserved 1048576K
}
Event: 2887.839 GC heap before
{Heap before GC invocations=81 (full 0):
 garbage-first heap   total 345088K, used 290691K [0x00000000a0000000, 0x0000000100000000)
  region size 1024K, 139 young (142336K), 1 survivors (1024K)
 Metaspace       used 126033K, committed 127168K, reserved 1179648K
  class space    used 16549K, committed 17088K, reserved 1048576K
}
Event: 2887.891 GC heap after
{Heap after GC invocations=82 (full 0):
 garbage-first heap   total 345088K, used 158554K [0x00000000a0000000, 0x0000000100000000)
  region size 1024K, 9 young (9216K), 9 survivors (9216K)
 Metaspace       used 126033K, committed 127168K, reserved 1179648K
  class space    used 16549K, committed 17088K, reserved 1048576K
}
Event: 3048.241 GC heap before
{Heap before GC invocations=83 (full 0):
 garbage-first heap   total 345088K, used 287578K [0x00000000a0000000, 0x0000000100000000)
  region size 1024K, 137 young (140288K), 9 survivors (9216K)
 Metaspace       used 126561K, committed 127680K, reserved 1179648K
  class space    used 16597K, committed 17152K, reserved 1048576K
}
Event: 3048.328 GC heap after
{Heap after GC invocations=84 (full 0):
 garbage-first heap   total 345088K, used 163163K [0x00000000a0000000, 0x0000000100000000)
  region size 1024K, 15 young (15360K), 15 survivors (15360K)
 Metaspace       used 126561K, committed 127680K, reserved 1179648K
  class space    used 16597K, committed 17152K, reserved 1048576K
}
Event: 3048.373 GC heap before
{Heap before GC invocations=84 (full 0):
 garbage-first heap   total 345088K, used 163163K [0x00000000a0000000, 0x0000000100000000)
  region size 1024K, 16 young (16384K), 15 survivors (15360K)
 Metaspace       used 126607K, committed 127744K, reserved 1179648K
  class space    used 16603K, committed 17152K, reserved 1048576K
}
Event: 3048.482 GC heap after
{Heap after GC invocations=85 (full 0):
 garbage-first heap   total 345088K, used 154853K [0x00000000a0000000, 0x0000000100000000)
  region size 1024K, 2 young (2048K), 2 survivors (2048K)
 Metaspace       used 126607K, committed 127744K, reserved 1179648K
  class space    used 16603K, committed 17152K, reserved 1048576K
}
Event: 4464.758 GC heap before
{Heap before GC invocations=85 (full 0):
 garbage-first heap   total 345088K, used 287973K [0x00000000a0000000, 0x0000000100000000)
  region size 1024K, 132 young (135168K), 2 survivors (2048K)
 Metaspace       used 126878K, committed 128064K, reserved 1179648K
  class space    used 16614K, committed 17216K, reserved 1048576K
}

