# JRE version: OpenJDK Runtime Environment JBR-17.0.9+8-1162.4-jcef (17.0.9+8) (build 17.0.9+8-b1162.4)
# Java VM: OpenJDK 64-Bit Server VM JBR-17.0.9+8-1162.4-jcef (17.0.9+8-b1162.4, mixed mode, tiered, compressed oops, compressed class ptrs, g1 gc, windows-amd64)
GC Precious Log:
 CPUs: 4 total, 4 available
 Memory: 16266M
 Large Page Support: Disabled
 NUMA Support: Disabled
 Compressed Oops: Enabled (32-bit)
 Heap Region Size: 1M
 Heap Min Capacity: 8M
 Heap Initial Capacity: 256M
 Heap Max Capacity: 1G
 Pre-touch: Disabled
 Parallel Workers: 4
 Concurrent Workers: 1
 Concurrent Refinement Workers: 4
 Periodic GC: Disabled
Heap:
 garbage-first heap   total 148480K, used 89241K [0x00000000c0000000, 0x0000000100000000)
  region size 1024K, 10 young (10240K), 2 survivors (2048K)
 Metaspace       used 63888K, committed 64448K, reserved 1114112K
  class space    used 8551K, committed 8768K, reserved 1048576K
GC Heap History (20 events):
Event: 15.168 GC heap before
{Heap before GC invocations=28 (full 0):
 garbage-first heap   total 107520K, used 79219K [0x00000000c0000000, 0x0000000100000000)
  region size 1024K, 18 young (18432K), 2 survivors (2048K)
 Metaspace       used 51407K, committed 51904K, reserved 1114112K
  class space    used 6784K, committed 7040K, reserved 1048576K
}
Event: 15.175 GC heap after
{Heap after GC invocations=29 (full 0):
 garbage-first heap   total 107520K, used 61060K [0x00000000c0000000, 0x0000000100000000)
  region size 1024K, 3 young (3072K), 3 survivors (3072K)
 Metaspace       used 51407K, committed 51904K, reserved 1114112K
  class space    used 6784K, committed 7040K, reserved 1048576K
}
Event: 16.178 GC heap before
{Heap before GC invocations=29 (full 0):
 garbage-first heap   total 107520K, used 81540K [0x00000000c0000000, 0x0000000100000000)
  region size 1024K, 23 young (23552K), 3 survivors (3072K)
 Metaspace       used 53326K, committed 53888K, reserved 1114112K
  class space    used 7126K, committed 7360K, reserved 1048576K
}
Event: 16.183 GC heap after
{Heap after GC invocations=30 (full 0):
 garbage-first heap   total 107520K, used 63000K [0x00000000c0000000, 0x0000000100000000)
  region size 1024K, 3 young (3072K), 3 survivors (3072K)
 Metaspace       used 53326K, committed 53888K, reserved 1114112K
  class space    used 7126K, committed 7360K, reserved 1048576K
}
Event: 19.483 GC heap before
{Heap before GC invocations=31 (full 0):
 garbage-first heap   total 116736K, used 83480K [0x00000000c0000000, 0x0000000100000000)
  region size 1024K, 23 young (23552K), 3 survivors (3072K)
 Metaspace       used 54734K, committed 55232K, reserved 1114112K
  class space    used 7340K, committed 7552K, reserved 1048576K
}
Event: 19.492 GC heap after
{Heap after GC invocations=32 (full 0):
 garbage-first heap   total 116736K, used 64247K [0x00000000c0000000, 0x0000000100000000)
  region size 1024K, 2 young (2048K), 2 survivors (2048K)
 Metaspace       used 54734K, committed 55232K, reserved 1114112K
  class space    used 7340K, committed 7552K, reserved 1048576K
}
Event: 25.326 GC heap before
{Heap before GC invocations=32 (full 0):
 garbage-first heap   total 116736K, used 89847K [0x00000000c0000000, 0x0000000100000000)
  region size 1024K, 28 young (28672K), 2 survivors (2048K)
 Metaspace       used 55903K, committed 56384K, reserved 1114112K
  class space    used 7455K, committed 7680K, reserved 1048576K
}
Event: 25.335 GC heap after
{Heap after GC invocations=33 (full 0):
 garbage-first heap   total 116736K, used 68378K [0x00000000c0000000, 0x0000000100000000)
  region size 1024K, 4 young (4096K), 4 survivors (4096K)
 Metaspace       used 55903K, committed 56384K, reserved 1114112K
  class space    used 7455K, committed 7680K, reserved 1048576K
}
Event: 26.445 GC heap before
{Heap before GC invocations=34 (full 0):
 garbage-first heap   total 119808K, used 96026K [0x00000000c0000000, 0x0000000100000000)
  region size 1024K, 27 young (27648K), 4 survivors (4096K)
 Metaspace       used 56987K, committed 57600K, reserved 1114112K
  class space    used 7607K, committed 7872K, reserved 1048576K
}
Event: 26.454 GC heap after
{Heap after GC invocations=35 (full 0):
 garbage-first heap   total 119808K, used 79344K [0x00000000c0000000, 0x0000000100000000)
  region size 1024K, 4 young (4096K), 4 survivors (4096K)
 Metaspace       used 56987K, committed 57600K, reserved 1114112K
  class space    used 7607K, committed 7872K, reserved 1048576K
}
Event: 26.462 GC heap before
{Heap before GC invocations=35 (full 0):
 garbage-first heap   total 119808K, used 80368K [0x00000000c0000000, 0x0000000100000000)
  region size 1024K, 5 young (5120K), 4 survivors (4096K)
 Metaspace       used 57050K, committed 57664K, reserved 1114112K
  class space    used 7613K, committed 7872K, reserved 1048576K
}
Event: 26.465 GC heap after
{Heap after GC invocations=36 (full 0):
 garbage-first heap   total 119808K, used 79895K [0x00000000c0000000, 0x0000000100000000)
  region size 1024K, 1 young (1024K), 1 survivors (1024K)
 Metaspace       used 57050K, committed 57664K, reserved 1114112K
  class space    used 7613K, committed 7872K, reserved 1048576K
}
Event: 26.471 GC heap before
{Heap before GC invocations=36 (full 0):
 garbage-first heap   total 119808K, used 79895K [0x00000000c0000000, 0x0000000100000000)
  region size 1024K, 2 young (2048K), 1 survivors (1024K)
 Metaspace       used 57097K, committed 57664K, reserved 1114112K
  class space    used 7615K, committed 7872K, reserved 1048576K
}
Event: 26.472 GC heap after
{Heap after GC invocations=37 (full 0):
 garbage-first heap   total 119808K, used 79527K [0x00000000c0000000, 0x0000000100000000)
  region size 1024K, 1 young (1024K), 1 survivors (1024K)
 Metaspace       used 57097K, committed 57664K, reserved 1114112K
  class space    used 7615K, committed 7872K, reserved 1048576K
}
Event: 27.145 GC heap before
{Heap before GC invocations=38 (full 0):
 garbage-first heap   total 148480K, used 96935K [0x00000000c0000000, 0x0000000100000000)
  region size 1024K, 18 young (18432K), 1 survivors (1024K)
 Metaspace       used 58565K, committed 59072K, reserved 1114112K
  class space    used 7849K, committed 8064K, reserved 1048576K
}
Event: 27.150 GC heap after
{Heap after GC invocations=39 (full 0):
 garbage-first heap   total 148480K, used 81111K [0x00000000c0000000, 0x0000000100000000)
  region size 1024K, 1 young (1024K), 1 survivors (1024K)
 Metaspace       used 58565K, committed 59072K, reserved 1114112K
  class space    used 7849K, committed 8064K, reserved 1048576K
}
Event: 27.394 GC heap before
{Heap before GC invocations=39 (full 0):
 garbage-first heap   total 148480K, used 87255K [0x00000000c0000000, 0x0000000100000000)
  region size 1024K, 7 young (7168K), 1 survivors (1024K)
 Metaspace       used 59132K, committed 59776K, reserved 1114112K
  class space    used 7925K, committed 8192K, reserved 1048576K
}
Event: 27.397 GC heap after
{Heap after GC invocations=40 (full 0):
 garbage-first heap   total 148480K, used 81205K [0x00000000c0000000, 0x0000000100000000)
  region size 1024K, 1 young (1024K), 1 survivors (1024K)
 Metaspace       used 59132K, committed 59776K, reserved 1114112K
  class space    used 7925K, committed 8192K, reserved 1048576K
}
Event: 28.357 GC heap before
{Heap before GC invocations=40 (full 0):
 garbage-first heap   total 148480K, used 117045K [0x00000000c0000000, 0x0000000100000000)
  region size 1024K, 36 young (36864K), 1 survivors (1024K)
 Metaspace       used 63085K, committed 63680K, reserved 1114112K
  class space    used 8399K, committed 8704K, reserved 1048576K
}
Event: 28.360 GC heap after
{Heap after GC invocations=41 (full 0):
 garbage-first heap   total 148480K, used 82073K [0x00000000c0000000, 0x0000000100000000)
  region size 1024K, 2 young (2048K), 2 survivors (2048K)
 Metaspace       used 63085K, committed 63680K, reserved 1114112K
  class space    used 8399K, committed 8704K, reserved 1048576K
}

